<?xml version="1.0" encoding="UTF-8"?>
<coverage generated="1718336134954" clover="3.2.0">
  <project timestamp="1718336134954" name="All files">
    <metrics statements="18" coveredstatements="17" conditionals="14" coveredconditionals="10" methods="5" coveredmethods="5" elements="37" coveredelements="32" complexity="0" loc="18" ncloc="18" packages="1" files="1" classes="1">
      <file name="Homeview.vue" path="C:\Users\suzen\front-end-testing-jest\src\views\Homeview.vue">
        <metrics statements="18" coveredstatements="17" conditionals="14" coveredconditionals="10" methods="5" coveredmethods="5"/>
        <line num="1" count="1" type="stmt"/>
        <line num="4" count="1" type="stmt"/>
        <line num="19" count="1" type="stmt"/>
        <line num="22" count="4" type="stmt"/>
        <line num="29" count="3" type="cond" truecount="1" falsecount="1"/>
        <line num="30" count="3" type="stmt"/>
        <line num="31" count="3" type="stmt"/>
        <line num="33" count="0" type="stmt"/>
        <line num="36" count="3" type="stmt"/>
        <line num="39" count="3" type="stmt"/>
        <line num="40" count="3" type="stmt"/>
        <line num="41" count="3" type="stmt"/>
        <line num="42" count="3" type="stmt"/>
        <line num="45" count="3" type="cond" truecount="4" falsecount="0"/>
        <line num="46" count="2" type="stmt"/>
        <line num="51" count="1" type="cond" truecount="2" falsecount="2"/>
        <line num="52" count="10" type="cond" truecount="3" falsecount="1"/>
        <line num="53" count="1" type="stmt"/>
      </file>
    </metrics>
  </project>
</coverage>
