{"C:\\Users\\suzen\\front-end-testing-jest\\src\\views\\Homeview.vue": {"path":"C:\\Users\\suzen\\front-end-testing-jest\\src\\views\\Homeview.vue","statementMap":{"0":{"start":{"line":1,"column":1},"end":{"line":50,"column":4}},"1":{"start":{"line":4,"column":0},"end":{"line":6,"column":3}},"2":{"start":{"line":19,"column":0},"end":{"line":49,"column":2}},"3":{"start":{"line":22,"column":4},"end":{"line":25,"column":6}},"4":{"start":{"line":29,"column":6},"end":{"line":34,"column":7}},"5":{"start":{"line":30,"column":27},"end":{"line":30,"column":42}},"6":{"start":{"line":31,"column":8},"end":{"line":31,"column":59}},"7":{"start":{"line":33,"column":8},"end":{"line":33,"column":26}},"8":{"start":{"line":36,"column":6},"end":{"line":36,"column":39}},"9":{"start":{"line":39,"column":26},"end":{"line":39,"column":33}},"10":{"start":{"line":40,"column":24},"end":{"line":40,"column":45}},"11":{"start":{"line":41,"column":17},"end":{"line":41,"column":33}},"12":{"start":{"line":42,"column":18},"end":{"line":42,"column":34}},"13":{"start":{"line":45,"column":6},"end":{"line":45,"column":83}},"14":{"start":{"line":45,"column":53},"end":{"line":45,"column":83}},"15":{"start":{"line":46,"column":6},"end":{"line":46,"column":34}},"16":{"start":{"line":51,"column":20},"end":{"line":51,"column":89}},"17":{"start":{"line":51,"column":114},"end":{"line":51,"column":187}},"18":{"start":{"line":52,"column":0},"end":{"line":52,"column":295}},"19":{"start":{"line":52,"column":54},"end":{"line":52,"column":58}},"20":{"start":{"line":52,"column":66},"end":{"line":52,"column":84}},"21":{"start":{"line":52,"column":92},"end":{"line":52,"column":108}},"22":{"start":{"line":52,"column":109},"end":{"line":52,"column":294}},"23":{"start":{"line":53,"column":0},"end":{"line":53,"column":37}}},"fnMap":{"0":{"name":"(anonymous_0)","decl":{"start":{"line":1,"column":2},"end":{"line":1,"column":3}},"loc":{"start":{"line":1,"column":12},"end":{"line":50,"column":1}},"line":1},"1":{"name":"data","decl":{"start":{"line":21,"column":17},"end":{"line":21,"column":21}},"loc":{"start":{"line":21,"column":24},"end":{"line":26,"column":3}},"line":21},"2":{"name":"toggleStatus","decl":{"start":{"line":28,"column":27},"end":{"line":28,"column":39}},"loc":{"start":{"line":28,"column":42},"end":{"line":37,"column":5}},"line":28},"3":{"name":"purchase","decl":{"start":{"line":38,"column":23},"end":{"line":38,"column":31}},"loc":{"start":{"line":38,"column":34},"end":{"line":47,"column":5}},"line":38},"4":{"name":"render","decl":{"start":{"line":52,"column":35},"end":{"line":52,"column":41}},"loc":{"start":{"line":52,"column":45},"end":{"line":52,"column":295}},"line":52}},"branchMap":{"0":{"loc":{"start":{"line":29,"column":6},"end":{"line":34,"column":7}},"type":"if","locations":[{"start":{"line":29,"column":6},"end":{"line":34,"column":7}},{"start":{"line":29,"column":6},"end":{"line":34,"column":7}}],"line":29},"1":{"loc":{"start":{"line":45,"column":6},"end":{"line":45,"column":83}},"type":"if","locations":[{"start":{"line":45,"column":6},"end":{"line":45,"column":83}},{"start":{"line":45,"column":6},"end":{"line":45,"column":83}}],"line":45},"2":{"loc":{"start":{"line":45,"column":10},"end":{"line":45,"column":51}},"type":"binary-expr","locations":[{"start":{"line":45,"column":10},"end":{"line":45,"column":28}},{"start":{"line":45,"column":32},"end":{"line":45,"column":51}}],"line":45},"3":{"loc":{"start":{"line":51,"column":20},"end":{"line":51,"column":89}},"type":"cond-expr","locations":[{"start":{"line":51,"column":50},"end":{"line":51,"column":72}},{"start":{"line":51,"column":75},"end":{"line":51,"column":89}}],"line":51},"4":{"loc":{"start":{"line":51,"column":114},"end":{"line":51,"column":187}},"type":"cond-expr","locations":[{"start":{"line":51,"column":151},"end":{"line":51,"column":172}},{"start":{"line":51,"column":174},"end":{"line":51,"column":187}}],"line":51},"5":{"loc":{"start":{"line":52,"column":92},"end":{"line":52,"column":108}},"type":"binary-expr","locations":[{"start":{"line":52,"column":92},"end":{"line":52,"column":104}},{"start":{"line":52,"column":106},"end":{"line":52,"column":108}}],"line":52},"6":{"loc":{"start":{"line":52,"column":171},"end":{"line":52,"column":240}},"type":"cond-expr","locations":[{"start":{"line":52,"column":187},"end":{"line":52,"column":211}},{"start":{"line":52,"column":212},"end":{"line":52,"column":240}}],"line":52}},"s":{"0":1,"1":1,"2":1,"3":4,"4":3,"5":3,"6":3,"7":0,"8":3,"9":3,"10":3,"11":3,"12":3,"13":3,"14":1,"15":2,"16":1,"17":1,"18":1,"19":10,"20":10,"21":10,"22":10,"23":1},"f":{"0":1,"1":4,"2":3,"3":3,"4":10},"b":{"0":[3,0],"1":[1,2],"2":[3,2],"3":[1,0],"4":[0,1],"5":[10,0],"6":[3,7]},"_coverageSchema":"332fd63041d2c1bcb487cc26dd0d5f7d97098a6c","hash":"b51181cf34ef272c26e772eb540a95cd72ff2130"}
}
