TN:
SF:C:\Users\suzen\front-end-testing-jest\src\views\Homeview.vue
FN:1,(anonymous_0)
FN:21,data
FN:28,toggleStatus
FN:38,purchase
FN:52,render
FNF:5
FNH:5
FNDA:1,(anonymous_0)
FNDA:4,data
FNDA:3,toggleStatus
FNDA:3,purchase
FNDA:10,render
DA:1,1
DA:4,1
DA:19,1
DA:22,4
DA:29,3
DA:30,3
DA:31,3
DA:33,0
DA:36,3
DA:39,3
DA:40,3
DA:41,3
DA:42,3
DA:45,3
DA:46,2
DA:51,1
DA:52,10
DA:53,1
LF:18
LH:17
BRDA:29,0,0,3
BRDA:29,0,1,0
BRDA:45,1,0,1
BRDA:45,1,1,2
BRDA:45,2,0,3
BRDA:45,2,1,2
BRDA:51,3,0,1
BRDA:51,3,1,0
BRDA:51,4,0,0
BRDA:51,4,1,1
BRDA:52,5,0,10
BRDA:52,5,1,0
BRDA:52,6,0,3
BRDA:52,6,1,7
BRF:14
BRH:10
end_of_record
