TN:
SF:C:\Users\suzen\front-end-testing-jest\src\views\Homeview.vue
FN:1,(anonymous_0)
FN:21,data
FN:28,toggleStatus
FN:38,purchase
FN:52,render
FNF:5
FNH:5
FNDA:1,(anonymous_0)
FNDA:2,data
FNDA:1,toggleStatus
FNDA:1,purchase
FNDA:4,render
DA:1,1
DA:4,1
DA:19,1
DA:22,2
DA:29,1
DA:30,1
DA:31,1
DA:33,0
DA:36,1
DA:39,1
DA:40,1
DA:41,1
DA:42,1
DA:45,1
DA:46,0
DA:51,1
DA:52,4
DA:53,1
LF:18
LH:16
BRDA:29,0,0,1
BRDA:29,0,1,0
BRDA:45,1,0,1
BRDA:45,1,1,0
BRDA:45,2,0,1
BRDA:45,2,1,1
BRDA:51,3,0,1
BRDA:51,3,1,0
BRDA:51,4,0,0
BRDA:51,4,1,1
BRDA:52,5,0,4
BRDA:52,5,1,0
BRDA:52,6,0,1
BRDA:52,6,1,3
BRF:14
BRH:9
end_of_record
